0 info it worked if it ends with ok
1 verbose cli [ 'node', '/usr/local/bin/npm', 'publish' ]
2 info using npm@1.3.5
3 info using node@v0.10.15
4 verbose publish [ '.' ]
5 verbose cache add [ '.', null ]
6 verbose cache add name=undefined spec="." args=[".",null]
7 verbose parsed url { protocol: null,
7 verbose parsed url   slashes: null,
7 verbose parsed url   auth: null,
7 verbose parsed url   host: null,
7 verbose parsed url   port: null,
7 verbose parsed url   hostname: null,
7 verbose parsed url   hash: null,
7 verbose parsed url   search: null,
7 verbose parsed url   query: null,
7 verbose parsed url   pathname: '.',
7 verbose parsed url   path: '.',
7 verbose parsed url   href: '.' }
8 silly lockFile 3a52ce78- .
9 verbose lock . /Users/calleerlandsson/.npm/3a52ce78-.lock
10 verbose tar pack [ '/var/folders/f6/8000f7tn69gdr0qrk08m6k740000gn/T/npm-7539-nUwGohSK/1379448606931-0.1708095937501639/tmp.tgz',
10 verbose tar pack   '.' ]
11 verbose tarball /var/folders/f6/8000f7tn69gdr0qrk08m6k740000gn/T/npm-7539-nUwGohSK/1379448606931-0.1708095937501639/tmp.tgz
12 verbose folder .
13 info prepublish fortysix-elks@0.0.1
14 silly lockFile 1f1177db-tar tar://.
15 verbose lock tar://. /Users/calleerlandsson/.npm/1f1177db-tar.lock
16 silly lockFile 543a7ffd-06931-0-1708095937501639-tmp-tgz tar:///var/folders/f6/8000f7tn69gdr0qrk08m6k740000gn/T/npm-7539-nUwGohSK/1379448606931-0.1708095937501639/tmp.tgz
17 verbose lock tar:///var/folders/f6/8000f7tn69gdr0qrk08m6k740000gn/T/npm-7539-nUwGohSK/1379448606931-0.1708095937501639/tmp.tgz /Users/calleerlandsson/.npm/543a7ffd-06931-0-1708095937501639-tmp-tgz.lock
18 silly lockFile 1f1177db-tar tar://.
19 silly lockFile 1f1177db-tar tar://.
20 silly lockFile 543a7ffd-06931-0-1708095937501639-tmp-tgz tar:///var/folders/f6/8000f7tn69gdr0qrk08m6k740000gn/T/npm-7539-nUwGohSK/1379448606931-0.1708095937501639/tmp.tgz
21 silly lockFile 543a7ffd-06931-0-1708095937501639-tmp-tgz tar:///var/folders/f6/8000f7tn69gdr0qrk08m6k740000gn/T/npm-7539-nUwGohSK/1379448606931-0.1708095937501639/tmp.tgz
22 verbose tar unpack /var/folders/f6/8000f7tn69gdr0qrk08m6k740000gn/T/npm-7539-nUwGohSK/1379448606931-0.1708095937501639/tmp.tgz
23 silly lockFile 095528f0-06931-0-1708095937501639-package tar:///var/folders/f6/8000f7tn69gdr0qrk08m6k740000gn/T/npm-7539-nUwGohSK/1379448606931-0.1708095937501639/package
24 verbose lock tar:///var/folders/f6/8000f7tn69gdr0qrk08m6k740000gn/T/npm-7539-nUwGohSK/1379448606931-0.1708095937501639/package /Users/calleerlandsson/.npm/095528f0-06931-0-1708095937501639-package.lock
25 silly lockFile 543a7ffd-06931-0-1708095937501639-tmp-tgz tar:///var/folders/f6/8000f7tn69gdr0qrk08m6k740000gn/T/npm-7539-nUwGohSK/1379448606931-0.1708095937501639/tmp.tgz
26 verbose lock tar:///var/folders/f6/8000f7tn69gdr0qrk08m6k740000gn/T/npm-7539-nUwGohSK/1379448606931-0.1708095937501639/tmp.tgz /Users/calleerlandsson/.npm/543a7ffd-06931-0-1708095937501639-tmp-tgz.lock
27 silly gunzTarPerm modes [ '755', '644' ]
28 silly gunzTarPerm extractEntry package.json
29 silly gunzTarPerm extractEntry .npmignore
30 silly gunzTarPerm extractEntry README.md
31 silly gunzTarPerm extractEntry index.js
32 silly gunzTarPerm extractEntry lib/client.js
33 silly gunzTarPerm extractEntry test/lib/client_test.js
34 silly gunzTarPerm extractEntry test/mocha.opts
35 silly lockFile 095528f0-06931-0-1708095937501639-package tar:///var/folders/f6/8000f7tn69gdr0qrk08m6k740000gn/T/npm-7539-nUwGohSK/1379448606931-0.1708095937501639/package
36 silly lockFile 095528f0-06931-0-1708095937501639-package tar:///var/folders/f6/8000f7tn69gdr0qrk08m6k740000gn/T/npm-7539-nUwGohSK/1379448606931-0.1708095937501639/package
37 silly lockFile 543a7ffd-06931-0-1708095937501639-tmp-tgz tar:///var/folders/f6/8000f7tn69gdr0qrk08m6k740000gn/T/npm-7539-nUwGohSK/1379448606931-0.1708095937501639/tmp.tgz
38 silly lockFile 543a7ffd-06931-0-1708095937501639-tmp-tgz tar:///var/folders/f6/8000f7tn69gdr0qrk08m6k740000gn/T/npm-7539-nUwGohSK/1379448606931-0.1708095937501639/tmp.tgz
39 verbose tar pack [ '/Users/calleerlandsson/.npm/fortysix-elks/0.0.1/package.tgz',
39 verbose tar pack   '/var/folders/f6/8000f7tn69gdr0qrk08m6k740000gn/T/npm-7539-nUwGohSK/1379448606931-0.1708095937501639/package' ]
40 verbose tarball /Users/calleerlandsson/.npm/fortysix-elks/0.0.1/package.tgz
41 verbose folder /var/folders/f6/8000f7tn69gdr0qrk08m6k740000gn/T/npm-7539-nUwGohSK/1379448606931-0.1708095937501639/package
42 silly lockFile 095528f0-06931-0-1708095937501639-package tar:///var/folders/f6/8000f7tn69gdr0qrk08m6k740000gn/T/npm-7539-nUwGohSK/1379448606931-0.1708095937501639/package
43 verbose lock tar:///var/folders/f6/8000f7tn69gdr0qrk08m6k740000gn/T/npm-7539-nUwGohSK/1379448606931-0.1708095937501639/package /Users/calleerlandsson/.npm/095528f0-06931-0-1708095937501639-package.lock
44 silly lockFile ce563441--fortysix-elks-0-0-1-package-tgz tar:///Users/calleerlandsson/.npm/fortysix-elks/0.0.1/package.tgz
45 verbose lock tar:///Users/calleerlandsson/.npm/fortysix-elks/0.0.1/package.tgz /Users/calleerlandsson/.npm/ce563441--fortysix-elks-0-0-1-package-tgz.lock
46 silly lockFile 095528f0-06931-0-1708095937501639-package tar:///var/folders/f6/8000f7tn69gdr0qrk08m6k740000gn/T/npm-7539-nUwGohSK/1379448606931-0.1708095937501639/package
47 silly lockFile 095528f0-06931-0-1708095937501639-package tar:///var/folders/f6/8000f7tn69gdr0qrk08m6k740000gn/T/npm-7539-nUwGohSK/1379448606931-0.1708095937501639/package
48 silly lockFile ce563441--fortysix-elks-0-0-1-package-tgz tar:///Users/calleerlandsson/.npm/fortysix-elks/0.0.1/package.tgz
49 silly lockFile ce563441--fortysix-elks-0-0-1-package-tgz tar:///Users/calleerlandsson/.npm/fortysix-elks/0.0.1/package.tgz
50 silly lockFile 5610146a--npm-fortysix-elks-0-0-1-package /Users/calleerlandsson/.npm/fortysix-elks/0.0.1/package
51 verbose lock /Users/calleerlandsson/.npm/fortysix-elks/0.0.1/package /Users/calleerlandsson/.npm/5610146a--npm-fortysix-elks-0-0-1-package.lock
52 silly lockFile 5610146a--npm-fortysix-elks-0-0-1-package /Users/calleerlandsson/.npm/fortysix-elks/0.0.1/package
53 silly lockFile 5610146a--npm-fortysix-elks-0-0-1-package /Users/calleerlandsson/.npm/fortysix-elks/0.0.1/package
54 verbose tar unpack /Users/calleerlandsson/.npm/fortysix-elks/0.0.1/package.tgz
55 silly lockFile 68494a9a--npm-fortysix-elks-0-0-1-package tar:///Users/calleerlandsson/.npm/fortysix-elks/0.0.1/package
56 verbose lock tar:///Users/calleerlandsson/.npm/fortysix-elks/0.0.1/package /Users/calleerlandsson/.npm/68494a9a--npm-fortysix-elks-0-0-1-package.lock
57 silly lockFile ce563441--fortysix-elks-0-0-1-package-tgz tar:///Users/calleerlandsson/.npm/fortysix-elks/0.0.1/package.tgz
58 verbose lock tar:///Users/calleerlandsson/.npm/fortysix-elks/0.0.1/package.tgz /Users/calleerlandsson/.npm/ce563441--fortysix-elks-0-0-1-package-tgz.lock
59 silly gunzTarPerm modes [ '755', '644' ]
60 silly gunzTarPerm extractEntry package.json
61 silly gunzTarPerm extractEntry .npmignore
62 silly gunzTarPerm extractEntry README.md
63 silly gunzTarPerm extractEntry index.js
64 silly gunzTarPerm extractEntry lib/client.js
65 silly gunzTarPerm extractEntry test/lib/client_test.js
66 silly gunzTarPerm extractEntry test/mocha.opts
67 silly lockFile 68494a9a--npm-fortysix-elks-0-0-1-package tar:///Users/calleerlandsson/.npm/fortysix-elks/0.0.1/package
68 silly lockFile 68494a9a--npm-fortysix-elks-0-0-1-package tar:///Users/calleerlandsson/.npm/fortysix-elks/0.0.1/package
69 silly lockFile ce563441--fortysix-elks-0-0-1-package-tgz tar:///Users/calleerlandsson/.npm/fortysix-elks/0.0.1/package.tgz
70 silly lockFile ce563441--fortysix-elks-0-0-1-package-tgz tar:///Users/calleerlandsson/.npm/fortysix-elks/0.0.1/package.tgz
71 verbose chmod /Users/calleerlandsson/.npm/fortysix-elks/0.0.1/package.tgz 644
72 verbose chown /Users/calleerlandsson/.npm/fortysix-elks/0.0.1/package.tgz [ 501, 20 ]
73 silly lockFile 3a52ce78- .
74 silly lockFile 3a52ce78- .
75 silly publish { name: 'fortysix-elks',
75 silly publish   version: '0.0.1',
75 silly publish   description: 'A wrapper for the 46elks (http://46elks.com) API. At the moment only sms functions are supported',
75 silly publish   main: 'index.js',
75 silly publish   scripts: { test: 'mocha' },
75 silly publish   repository:
75 silly publish    { type: 'git',
75 silly publish      url: 'http://github.com/calleerlandsson/fortysix-elks.git' },
75 silly publish   keywords: [ 'sms', 'texting' ],
75 silly publish   author: { name: 'calleerlandsson' },
75 silly publish   engines: { node: '0.10.15' },
75 silly publish   license: 'BSD',
75 silly publish   devDependencies: { mocha: '~1.13.0', should: '~1.3.0', nock: '~0.22.1' },
75 silly publish   dependencies: { request: '~2.27.0' },
75 silly publish   readme: 'fortysix-elks\n=============\n\nA simple wrapper for the 46elks (http://46elks.com) API. At the moment only sms\nfunctions are supported.\n\nInstall\n-------\n```\nnpm install fortysix-elks\n```',
75 silly publish   readmeFilename: 'README.md',
75 silly publish   bugs: { url: 'https://github.com/calleerlandsson/fortysix-elks/issues' },
75 silly publish   _id: 'fortysix-elks@0.0.1',
75 silly publish   dist: { shasum: 'e1f77a7a9058f2401f3fc9bf57a3a398e7b15e2d' },
75 silly publish   _from: '.' }
76 verbose url raw fortysix-elks
77 verbose url resolving [ 'https://registry.npmjs.org/', './fortysix-elks' ]
78 verbose url resolved https://registry.npmjs.org/fortysix-elks
79 info trying registry request attempt 1 at 22:10:07
80 http PUT https://registry.npmjs.org/fortysix-elks
81 http 409 https://registry.npmjs.org/fortysix-elks
82 verbose url raw fortysix-elks
83 verbose url resolving [ 'https://registry.npmjs.org/', './fortysix-elks' ]
84 verbose url resolved https://registry.npmjs.org/fortysix-elks
85 info trying registry request attempt 1 at 22:10:08
86 http GET https://registry.npmjs.org/fortysix-elks
87 http 200 https://registry.npmjs.org/fortysix-elks
88 error publish fail Cannot publish over existing version.
88 error publish fail Update the 'version' field in package.json and try again.
88 error publish fail
88 error publish fail If the previous version was published in error, see:
88 error publish fail     npm help unpublish
88 error publish fail
88 error publish fail To automatically increment version numbers, see:
88 error publish fail     npm help version
89 error System Darwin 12.4.0
90 error command "node" "/usr/local/bin/npm" "publish"
91 error cwd /Users/calleerlandsson/code/fortysix-elks
92 error node -v v0.10.15
93 error npm -v 1.3.5
94 error code EPUBLISHCONFLICT
95 verbose exit [ 1, true ]
